<?xml version="1.0" encoding="UTF-8"?>
<testsuite name="PhoneBookTest" tests="1" skipped="0" failures="0" errors="0" timestamp="2020-04-25T05:28:22" hostname="DESKTOP-LIP6NGE" time="41.149">
  <properties/>
  <testcase name="start" classname="PhoneBookTest" time="41.149"/>
  <system-out><![CDATA[?[1;31m
Start test 1?[0m
Start searching (linear search)...
Found 500 / 500 entries. Time taken: 0 min. 2 sec. 973 ms.

Start searching (bubble sort + jump search)...
Found 500 / 500 entries. Time taken: 0 min. 32 sec. 966 ms.
Sorting time: 0 min. 29 sec. 738 ms. - STOPPED, moved to linear search
Searching time: 0 min. 3 sec. 228 ms.

Start searching (quick sort + binary search)...
Found 500 / 500 entries. Time taken: 0 min. 1 sec. 202 ms.
Sorting time: 0 min. 1 sec. 199 ms.
Searching time: 0 min. 0 sec. 3 ms.

Start searching (hash table)...
Found 500 / 500 entries. Time taken: 0 min. 0 sec. 234 ms.
Creating time: 0 min. 0 sec. 234 ms.
Searching time: 0 min. 0 sec. 0 ms.
]]></system-out>
  <system-err><![CDATA[]]></system-err>
</testsuite>
